{
  "RSpec": {
    "coverage": {
      "/Users/joshng/Makers/full-time/afternoon-challenges/week10/bank-tech-test/spec/account_spec.rb": {
        "lines": [
          1,
          null,
          1,
          null,
          8,
          null,
          1,
          1,
          1,
          null,
          null,
          null,
          1,
          1,
          1,
          null,
          null,
          null,
          1,
          1,
          1,
          1,
          null,
          null,
          null,
          1,
          1,
          1,
          1,
          1,
          null,
          null,
          1,
          1,
          2,
          null,
          null,
          null,
          1,
          1,
          1,
          1,
          null,
          1,
          1,
          1,
          1,
          null,
          null,
          null
        ]
      },
      "/Users/joshng/Makers/full-time/afternoon-challenges/week10/bank-tech-test/lib/account.rb": {
        "lines": [
          1,
          null,
          1,
          null,
          1,
          null,
          1,
          7,
          7,
          7,
          null,
          null,
          1,
          5,
          5,
          null,
          5,
          null,
          null,
          1,
          3,
          3,
          2,
          null,
          2,
          null,
          null,
          1,
          2,
          2,
          2,
          null,
          null,
          null
        ]
      },
      "/Users/joshng/Makers/full-time/afternoon-challenges/week10/bank-tech-test/lib/statement.rb": {
        "lines": [
          1,
          null,
          1,
          3,
          null,
          null,
          null
        ]
      },
      "/Users/joshng/Makers/full-time/afternoon-challenges/week10/bank-tech-test/spec/statement_spec.rb": {
        "lines": [
          1,
          null,
          1,
          null,
          2,
          null,
          1,
          1,
          1,
          null,
          null,
          null
        ]
      }
    },
    "timestamp": 1597166347
  }
}
