{
  "RSpec": {
    "coverage": {
      "/Users/joshng/Makers/full-time/afternoon-challenges/week10/bank-tech-test/spec/account_spec.rb": {
        "lines": [
          1,
          null,
          1,
          null,
          7,
          null,
          1,
          1,
          1,
          null,
          null,
          null,
          1,
          1,
          1,
          null,
          null,
          null,
          1,
          1,
          1,
          1,
          null,
          null,
          null,
          1,
          1,
          1,
          1,
          1,
          null,
          null,
          1,
          1,
          2,
          null,
          null,
          null,
          1,
          1,
          1,
          1,
          null,
          null,
          null
        ]
      },
      "/Users/joshng/Makers/full-time/afternoon-challenges/week10/bank-tech-test/lib/account.rb": {
        "lines": [
          1,
          null,
          1,
          null,
          1,
          6,
          6,
          6,
          null,
          null,
          1,
          4,
          4,
          null,
          4,
          null,
          null,
          1,
          2,
          2,
          1,
          null,
          1,
          null,
          null,
          1,
          1,
          null,
          null,
          null
        ]
      },
      "/Users/joshng/Makers/full-time/afternoon-challenges/week10/bank-tech-test/spec/statement_spec.rb": {
        "lines": [
          1,
          null,
          1,
          null,
          2,
          null,
          1,
          1,
          1,
          null,
          null,
          null
        ]
      },
      "/Users/joshng/Makers/full-time/afternoon-challenges/week10/bank-tech-test/lib/statement.rb": {
        "lines": [
          1,
          null,
          1,
          1,
          null,
          null,
          null
        ]
      }
    },
    "timestamp": 1597160594
  }
}
